<?xml version="1.0" encoding="UTF-8"?>
<!-- Generated by org.testng.reporters.JUnitReportReporter -->
<testsuite hostname="L-156155120" failures="0" tests="3" name="Testing.Main" time="4.887" errors="0" timestamp="2022-07-07T21:00:49 IST" skipped="0">
  <testcase classname="Testing.Main" name="MainExecution" time="2.490"/>
  <system-out/>
  <testcase classname="Testing.Main" name="tsetingmethod" time="0.002"/>
  <system-out/>
  <testcase classname="Testing.Main" name="MainExecution" time="2.395"/>
  <system-out/>
</testsuite> <!-- Testing.Main -->
