<?xml version="1.0" encoding="UTF-8"?>
<!-- Generated by org.testng.reporters.JUnitReportReporter -->
<testsuite hostname="L-156155120" failures="0" tests="2" name="Testing.Main2" time="0.868" errors="0" timestamp="2022-07-06T19:07:23 IST" skipped="0">
  <testcase classname="Testing.Main2" name="MainExecution" time="0.859"/>
  <system-out/>
  <testcase classname="Testing.Main2" name="tsetingmethod" time="0.009"/>
  <system-out/>
</testsuite> <!-- Testing.Main2 -->
