<?xml version="1.0" encoding="UTF-8"?>
<!-- Generated by org.testng.reporters.JUnitReportReporter -->
<testsuite hostname="L-156155120" failures="0" tests="3" name="Testing.Main" time="4.648" errors="0" timestamp="2022-07-07T23:49:45 IST" skipped="0">
  <testcase classname="Testing.Main" name="MainExecution" time="2.345"/>
  <system-out/>
  <testcase classname="Testing.Main" name="tsetingmethod" time="0.001"/>
  <system-out/>
  <testcase classname="Testing.Main" name="MainExecution" time="2.302"/>
  <system-out/>
</testsuite> <!-- Testing.Main -->
